mobile/android/app/build/intermediates/manifest_merge_blame_file/release/manifest-merger-blame-release-report.txt
1<?xml version="1.0" encoding="utf-8"?>
2<manifest xmlns:android="http://schemas.android.com/apk/res/android"
3    package="com.megasupervision"
4    android:versionCode="1"
5    android:versionName="1.0.0" >
6
7    <uses-sdk
8        android:minSdkVersion="23"
9        android:targetSdkVersion="34" />
10
11    <uses-permission android:name="android.permission.INTERNET" />
11-->src/main/AndroidManifest.xml:7:5-67
11-->src/main/AndroidManifest.xml:7:22-64
12    <uses-permission android:name="android.permission.ACCESS_NETWORK_STATE" />
12-->src/main/AndroidManifest.xml:8:5-79
12-->src/main/AndroidManifest.xml:8:22-76
13    <uses-permission android:name="android.permission.ACCESS_FINE_LOCATION" />
13-->src/main/AndroidManifest.xml:9:5-79
13-->src/main/AndroidManifest.xml:9:22-76
14    <uses-permission android:name="android.permission.ACCESS_COARSE_LOCATION" />
14-->src/main/AndroidManifest.xml:10:5-81
14-->src/main/AndroidManifest.xml:10:22-78
15    <uses-permission android:name="android.permission.ACCESS_BACKGROUND_LOCATION" />
15-->src/main/AndroidManifest.xml:11:5-85
15-->src/main/AndroidManifest.xml:11:22-82
16    <uses-permission android:name="android.permission.FOREGROUND_SERVICE" />
16-->src/main/AndroidManifest.xml:12:5-77
16-->src/main/AndroidManifest.xml:12:22-74
17    <uses-permission android:name="android.permission.FOREGROUND_SERVICE_LOCATION" />
17-->src/main/AndroidManifest.xml:13:5-86
17-->src/main/AndroidManifest.xml:13:22-83
18    <uses-permission android:name="android.permission.WAKE_LOCK" />
18-->src/main/AndroidManifest.xml:14:5-68
18-->src/main/AndroidManifest.xml:14:22-65
19    <uses-permission android:name="android.permission.RECEIVE_BOOT_COMPLETED" />
19-->src/main/AndroidManifest.xml:15:5-81
19-->src/main/AndroidManifest.xml:15:22-78
20    <uses-permission android:name="android.permission.VIBRATE" />
20-->src/main/AndroidManifest.xml:16:5-66
20-->src/main/AndroidManifest.xml:16:22-63
21    <uses-permission android:name="android.permission.ACCESS_WIFI_STATE" />
21-->[:react-native-community_netinfo] AndroidManifest.xml:8:5-76
21-->[:react-native-community_netinfo] AndroidManifest.xml:8:22-73
22    <uses-permission android:name="android.permission.WRITE_EXTERNAL_STORAGE" />
22-->[:react-native-fs] AndroidManifest.xml:7:5-81
22-->[:react-native-fs] AndroidManifest.xml:7:22-78
23    <uses-permission android:name="android.permission.READ_EXTERNAL_STORAGE" />
24
25    <uses-feature
25-->[com.google.android.gms:play-services-maps:18.2.0] AndroidManifest.xml:26:5-28:35
26        android:glEsVersion="0x00020000"
26-->[com.google.android.gms:play-services-maps:18.2.0] AndroidManifest.xml:27:9-41
27        android:required="true" />
27-->[com.google.android.gms:play-services-maps:18.2.0] AndroidManifest.xml:28:9-32
28
29    <queries>
29-->[com.google.android.gms:play-services-maps:18.2.0] AndroidManifest.xml:30:5-34:15
30
31        <!-- Needs to be explicitly declared on Android R+ -->
32        <package android:name="com.google.android.apps.maps" />
32-->[com.google.android.gms:play-services-maps:18.2.0] AndroidManifest.xml:33:9-64
32-->[com.google.android.gms:play-services-maps:18.2.0] AndroidManifest.xml:33:18-61
33    </queries>
34
35    <permission
35-->[androidx.core:core:1.12.0] AndroidManifest.xml:22:5-24:47
36        android:name="com.megasupervision.DYNAMIC_RECEIVER_NOT_EXPORTED_PERMISSION"
36-->[androidx.core:core:1.12.0] AndroidManifest.xml:23:9-81
37        android:protectionLevel="signature" />
37-->[androidx.core:core:1.12.0] AndroidManifest.xml:24:9-44
38
39    <uses-permission android:name="com.megasupervision.DYNAMIC_RECEIVER_NOT_EXPORTED_PERMISSION" />
39-->[androidx.core:core:1.12.0] AndroidManifest.xml:26:5-97
39-->[androidx.core:core:1.12.0] AndroidManifest.xml:26:22-94
40
41    <application
41-->src/main/AndroidManifest.xml:18:5-49:19
42        android:name="com.megasupervision.MainApplication"
42-->src/main/AndroidManifest.xml:19:9-40
43        android:allowBackup="false"
43-->src/main/AndroidManifest.xml:23:9-36
44        android:appComponentFactory="androidx.core.app.CoreComponentFactory"
44-->[androidx.core:core:1.12.0] AndroidManifest.xml:28:18-86
45        android:extractNativeLibs="false"
46        android:icon="@mipmap/ic_launcher"
46-->src/main/AndroidManifest.xml:21:9-43
47        android:label="Mega Supervision"
47-->src/main/AndroidManifest.xml:20:9-41
48        android:roundIcon="@mipmap/ic_launcher_round"
48-->src/main/AndroidManifest.xml:22:9-54
49        android:supportsRtl="true"
49-->src/main/AndroidManifest.xml:26:9-35
50        android:theme="@style/AppTheme" >
50-->src/main/AndroidManifest.xml:24:9-40
51        <activity
51-->src/main/AndroidManifest.xml:28:9-39:20
52            android:name="com.megasupervision.MainActivity"
52-->src/main/AndroidManifest.xml:29:13-41
53            android:configChanges="keyboard|keyboardHidden|orientation|screenLayout|screenSize|smallestScreenSize|uiMode"
53-->src/main/AndroidManifest.xml:31:13-122
54            android:exported="true"
54-->src/main/AndroidManifest.xml:34:13-36
55            android:label="Mega Supervision"
55-->src/main/AndroidManifest.xml:30:13-45
56            android:launchMode="singleTask"
56-->src/main/AndroidManifest.xml:32:13-44
57            android:windowSoftInputMode="adjustResize" >
57-->src/main/AndroidManifest.xml:33:13-55
58            <intent-filter>
58-->src/main/AndroidManifest.xml:35:13-38:29
59                <action android:name="android.intent.action.MAIN" />
59-->src/main/AndroidManifest.xml:36:17-69
59-->src/main/AndroidManifest.xml:36:25-66
60
61                <category android:name="android.intent.category.LAUNCHER" />
61-->src/main/AndroidManifest.xml:37:17-77
61-->src/main/AndroidManifest.xml:37:27-74
62            </intent-filter>
63        </activity>
64
65        <meta-data
65-->src/main/AndroidManifest.xml:41:9-43:56
66            android:name="com.google.android.geo.API_KEY"
66-->src/main/AndroidManifest.xml:42:13-58
67            android:value="YOUR_GOOGLE_MAPS_API_KEY" />
67-->src/main/AndroidManifest.xml:43:13-53
68        <meta-data
68-->src/main/AndroidManifest.xml:45:9-47:69
69            android:name="com.google.android.gms.version"
69-->src/main/AndroidManifest.xml:46:13-58
70            android:value="@integer/google_play_services_version" />
70-->src/main/AndroidManifest.xml:47:13-66
71
72        <!-- Needs to be explicitly declared on P+ -->
73        <uses-library
73-->[com.google.android.gms:play-services-maps:18.2.0] AndroidManifest.xml:39:9-41:40
74            android:name="org.apache.http.legacy"
74-->[com.google.android.gms:play-services-maps:18.2.0] AndroidManifest.xml:40:13-50
75            android:required="false" />
75-->[com.google.android.gms:play-services-maps:18.2.0] AndroidManifest.xml:41:13-37
76
77        <activity
77-->[com.google.android.gms:play-services-base:18.2.0] AndroidManifest.xml:20:9-22:45
78            android:name="com.google.android.gms.common.api.GoogleApiActivity"
78-->[com.google.android.gms:play-services-base:18.2.0] AndroidManifest.xml:20:19-85
79            android:exported="false"
79-->[com.google.android.gms:play-services-base:18.2.0] AndroidManifest.xml:22:19-43
80            android:theme="@android:style/Theme.Translucent.NoTitleBar" />
80-->[com.google.android.gms:play-services-base:18.2.0] AndroidManifest.xml:21:19-78
81
82        <provider
82-->[androidx.work:work-runtime:2.7.1] AndroidManifest.xml:31:9-39:20
83            android:name="androidx.startup.InitializationProvider"
83-->[androidx.work:work-runtime:2.7.1] AndroidManifest.xml:32:13-67
84            android:authorities="com.megasupervision.androidx-startup"
84-->[androidx.work:work-runtime:2.7.1] AndroidManifest.xml:33:13-68
85            android:exported="false" >
85-->[androidx.work:work-runtime:2.7.1] AndroidManifest.xml:34:13-37
86            <meta-data
86-->[androidx.work:work-runtime:2.7.1] AndroidManifest.xml:36:13-38:52
87                android:name="androidx.work.WorkManagerInitializer"
87-->[androidx.work:work-runtime:2.7.1] AndroidManifest.xml:37:17-68
88                android:value="androidx.startup" />
88-->[androidx.work:work-runtime:2.7.1] AndroidManifest.xml:38:17-49
89            <meta-data
89-->[androidx.emoji2:emoji2:1.2.0] AndroidManifest.xml:29:13-31:52
90                android:name="androidx.emoji2.text.EmojiCompatInitializer"
90-->[androidx.emoji2:emoji2:1.2.0] AndroidManifest.xml:30:17-75
91                android:value="androidx.startup" />
91-->[androidx.emoji2:emoji2:1.2.0] AndroidManifest.xml:31:17-49
92            <meta-data
92-->[androidx.lifecycle:lifecycle-process:2.4.1] AndroidManifest.xml:31:13-33:52
93                android:name="androidx.lifecycle.ProcessLifecycleInitializer"
93-->[androidx.lifecycle:lifecycle-process:2.4.1] AndroidManifest.xml:32:17-78
94                android:value="androidx.startup" />
94-->[androidx.lifecycle:lifecycle-process:2.4.1] AndroidManifest.xml:33:17-49
95        </provider>
96
97        <service
97-->[androidx.work:work-runtime:2.7.1] AndroidManifest.xml:41:9-46:35
98            android:name="androidx.work.impl.background.systemalarm.SystemAlarmService"
98-->[androidx.work:work-runtime:2.7.1] AndroidManifest.xml:42:13-88
99            android:directBootAware="false"
99-->[androidx.work:work-runtime:2.7.1] AndroidManifest.xml:43:13-44
100            android:enabled="@bool/enable_system_alarm_service_default"
100-->[androidx.work:work-runtime:2.7.1] AndroidManifest.xml:44:13-72
101            android:exported="false" />
101-->[androidx.work:work-runtime:2.7.1] AndroidManifest.xml:45:13-37
102        <service
102-->[androidx.work:work-runtime:2.7.1] AndroidManifest.xml:47:9-53:35
103            android:name="androidx.work.impl.background.systemjob.SystemJobService"
103-->[androidx.work:work-runtime:2.7.1] AndroidManifest.xml:48:13-84
104            android:directBootAware="false"
104-->[androidx.work:work-runtime:2.7.1] AndroidManifest.xml:49:13-44
105            android:enabled="@bool/enable_system_job_service_default"
105-->[androidx.work:work-runtime:2.7.1] AndroidManifest.xml:50:13-70
106            android:exported="true"
106-->[androidx.work:work-runtime:2.7.1] AndroidManifest.xml:51:13-36
107            android:permission="android.permission.BIND_JOB_SERVICE" />
107-->[androidx.work:work-runtime:2.7.1] AndroidManifest.xml:52:13-69
108        <service
108-->[androidx.work:work-runtime:2.7.1] AndroidManifest.xml:54:9-59:35
109            android:name="androidx.work.impl.foreground.SystemForegroundService"
109-->[androidx.work:work-runtime:2.7.1] AndroidManifest.xml:55:13-81
110            android:directBootAware="false"
110-->[androidx.work:work-runtime:2.7.1] AndroidManifest.xml:56:13-44
111            android:enabled="@bool/enable_system_foreground_service_default"
111-->[androidx.work:work-runtime:2.7.1] AndroidManifest.xml:57:13-77
112            android:exported="false" />
112-->[androidx.work:work-runtime:2.7.1] AndroidManifest.xml:58:13-37
113
114        <receiver
114-->[androidx.work:work-runtime:2.7.1] AndroidManifest.xml:61:9-66:35
115            android:name="androidx.work.impl.utils.ForceStopRunnable$BroadcastReceiver"
115-->[androidx.work:work-runtime:2.7.1] AndroidManifest.xml:62:13-88
116            android:directBootAware="false"
116-->[androidx.work:work-runtime:2.7.1] AndroidManifest.xml:63:13-44
117            android:enabled="true"
117-->[androidx.work:work-runtime:2.7.1] AndroidManifest.xml:64:13-35
118            android:exported="false" />
118-->[androidx.work:work-runtime:2.7.1] AndroidManifest.xml:65:13-37
119        <receiver
119-->[androidx.work:work-runtime:2.7.1] AndroidManifest.xml:67:9-77:20
120            android:name="androidx.work.impl.background.systemalarm.ConstraintProxy$BatteryChargingProxy"
120-->[androidx.work:work-runtime:2.7.1] AndroidManifest.xml:68:13-106
121            android:directBootAware="false"
121-->[androidx.work:work-runtime:2.7.1] AndroidManifest.xml:69:13-44
122            android:enabled="false"
122-->[androidx.work:work-runtime:2.7.1] AndroidManifest.xml:70:13-36
123            android:exported="false" >
123-->[androidx.work:work-runtime:2.7.1] AndroidManifest.xml:71:13-37
124            <intent-filter>
124-->[androidx.work:work-runtime:2.7.1] AndroidManifest.xml:73:13-76:29
125                <action android:name="android.intent.action.ACTION_POWER_CONNECTED" />
125-->[androidx.work:work-runtime:2.7.1] AndroidManifest.xml:74:17-87
125-->[androidx.work:work-runtime:2.7.1] AndroidManifest.xml:74:25-84
126                <action android:name="android.intent.action.ACTION_POWER_DISCONNECTED" />
126-->[androidx.work:work-runtime:2.7.1] AndroidManifest.xml:75:17-90
126-->[androidx.work:work-runtime:2.7.1] AndroidManifest.xml:75:25-87
127            </intent-filter>
128        </receiver>
129        <receiver
129-->[androidx.work:work-runtime:2.7.1] AndroidManifest.xml:78:9-88:20
130            android:name="androidx.work.impl.background.systemalarm.ConstraintProxy$BatteryNotLowProxy"
130-->[androidx.work:work-runtime:2.7.1] AndroidManifest.xml:79:13-104
131            android:directBootAware="false"
131-->[androidx.work:work-runtime:2.7.1] AndroidManifest.xml:80:13-44
132            android:enabled="false"
132-->[androidx.work:work-runtime:2.7.1] AndroidManifest.xml:81:13-36
133            android:exported="false" >
133-->[androidx.work:work-runtime:2.7.1] AndroidManifest.xml:82:13-37
134            <intent-filter>
134-->[androidx.work:work-runtime:2.7.1] AndroidManifest.xml:84:13-87:29
135                <action android:name="android.intent.action.BATTERY_OKAY" />
135-->[androidx.work:work-runtime:2.7.1] AndroidManifest.xml:85:17-77
135-->[androidx.work:work-runtime:2.7.1] AndroidManifest.xml:85:25-74
136                <action android:name="android.intent.action.BATTERY_LOW" />
136-->[androidx.work:work-runtime:2.7.1] AndroidManifest.xml:86:17-76
136-->[androidx.work:work-runtime:2.7.1] AndroidManifest.xml:86:25-73
137            </intent-filter>
138        </receiver>
139        <receiver
139-->[androidx.work:work-runtime:2.7.1] AndroidManifest.xml:89:9-99:20
140            android:name="androidx.work.impl.background.systemalarm.ConstraintProxy$StorageNotLowProxy"
140-->[androidx.work:work-runtime:2.7.1] AndroidManifest.xml:90:13-104
141            android:directBootAware="false"
141-->[androidx.work:work-runtime:2.7.1] AndroidManifest.xml:91:13-44
142            android:enabled="false"
142-->[androidx.work:work-runtime:2.7.1] AndroidManifest.xml:92:13-36
143            android:exported="false" >
143-->[androidx.work:work-runtime:2.7.1] AndroidManifest.xml:93:13-37
144            <intent-filter>
144-->[androidx.work:work-runtime:2.7.1] AndroidManifest.xml:95:13-98:29
145                <action android:name="android.intent.action.DEVICE_STORAGE_LOW" />
145-->[androidx.work:work-runtime:2.7.1] AndroidManifest.xml:96:17-83
145-->[androidx.work:work-runtime:2.7.1] AndroidManifest.xml:96:25-80
146                <action android:name="android.intent.action.DEVICE_STORAGE_OK" />
146-->[androidx.work:work-runtime:2.7.1] AndroidManifest.xml:97:17-82
146-->[androidx.work:work-runtime:2.7.1] AndroidManifest.xml:97:25-79
147            </intent-filter>
148        </receiver>
149        <receiver
149-->[androidx.work:work-runtime:2.7.1] AndroidManifest.xml:100:9-109:20
150            android:name="androidx.work.impl.background.systemalarm.ConstraintProxy$NetworkStateProxy"
150-->[androidx.work:work-runtime:2.7.1] AndroidManifest.xml:101:13-103
151            android:directBootAware="false"
151-->[androidx.work:work-runtime:2.7.1] AndroidManifest.xml:102:13-44
152            android:enabled="false"
152-->[androidx.work:work-runtime:2.7.1] AndroidManifest.xml:103:13-36
153            android:exported="false" >
153-->[androidx.work:work-runtime:2.7.1] AndroidManifest.xml:104:13-37
154            <intent-filter>
154-->[androidx.work:work-runtime:2.7.1] AndroidManifest.xml:106:13-108:29
155                <action android:name="android.net.conn.CONNECTIVITY_CHANGE" />
155-->[androidx.work:work-runtime:2.7.1] AndroidManifest.xml:107:17-79
155-->[androidx.work:work-runtime:2.7.1] AndroidManifest.xml:107:25-76
156            </intent-filter>
157        </receiver>
158        <receiver
158-->[androidx.work:work-runtime:2.7.1] AndroidManifest.xml:110:9-121:20
159            android:name="androidx.work.impl.background.systemalarm.RescheduleReceiver"
159-->[androidx.work:work-runtime:2.7.1] AndroidManifest.xml:111:13-88
160            android:directBootAware="false"
160-->[androidx.work:work-runtime:2.7.1] AndroidManifest.xml:112:13-44
161            android:enabled="false"
161-->[androidx.work:work-runtime:2.7.1] AndroidManifest.xml:113:13-36
162            android:exported="false" >
162-->[androidx.work:work-runtime:2.7.1] AndroidManifest.xml:114:13-37
163            <intent-filter>
163-->[androidx.work:work-runtime:2.7.1] AndroidManifest.xml:116:13-120:29
164                <action android:name="android.intent.action.BOOT_COMPLETED" />
164-->[androidx.work:work-runtime:2.7.1] AndroidManifest.xml:117:17-79
164-->[androidx.work:work-runtime:2.7.1] AndroidManifest.xml:117:25-76
165                <action android:name="android.intent.action.TIME_SET" />
165-->[androidx.work:work-runtime:2.7.1] AndroidManifest.xml:118:17-73
165-->[androidx.work:work-runtime:2.7.1] AndroidManifest.xml:118:25-70
166                <action android:name="android.intent.action.TIMEZONE_CHANGED" />
166-->[androidx.work:work-runtime:2.7.1] AndroidManifest.xml:119:17-81
166-->[androidx.work:work-runtime:2.7.1] AndroidManifest.xml:119:25-78
167            </intent-filter>
168        </receiver>
169        <receiver
169-->[androidx.work:work-runtime:2.7.1] AndroidManifest.xml:122:9-131:20
170            android:name="androidx.work.impl.background.systemalarm.ConstraintProxyUpdateReceiver"
170-->[androidx.work:work-runtime:2.7.1] AndroidManifest.xml:123:13-99
171            android:directBootAware="false"
171-->[androidx.work:work-runtime:2.7.1] AndroidManifest.xml:124:13-44
172            android:enabled="@bool/enable_system_alarm_service_default"
172-->[androidx.work:work-runtime:2.7.1] AndroidManifest.xml:125:13-72
173            android:exported="false" >
173-->[androidx.work:work-runtime:2.7.1] AndroidManifest.xml:126:13-37
174            <intent-filter>
174-->[androidx.work:work-runtime:2.7.1] AndroidManifest.xml:128:13-130:29
175                <action android:name="androidx.work.impl.background.systemalarm.UpdateProxies" />
175-->[androidx.work:work-runtime:2.7.1] AndroidManifest.xml:129:17-98
175-->[androidx.work:work-runtime:2.7.1] AndroidManifest.xml:129:25-95
176            </intent-filter>
177        </receiver>
178        <receiver
178-->[androidx.work:work-runtime:2.7.1] AndroidManifest.xml:132:9-142:20
179            android:name="androidx.work.impl.diagnostics.DiagnosticsReceiver"
179-->[androidx.work:work-runtime:2.7.1] AndroidManifest.xml:133:13-78
180            android:directBootAware="false"
180-->[androidx.work:work-runtime:2.7.1] AndroidManifest.xml:134:13-44
181            android:enabled="true"
181-->[androidx.work:work-runtime:2.7.1] AndroidManifest.xml:135:13-35
182            android:exported="true"
182-->[androidx.work:work-runtime:2.7.1] AndroidManifest.xml:136:13-36
183            android:permission="android.permission.DUMP" >
183-->[androidx.work:work-runtime:2.7.1] AndroidManifest.xml:137:13-57
184            <intent-filter>
184-->[androidx.work:work-runtime:2.7.1] AndroidManifest.xml:139:13-141:29
185                <action android:name="androidx.work.diagnostics.REQUEST_DIAGNOSTICS" />
185-->[androidx.work:work-runtime:2.7.1] AndroidManifest.xml:140:17-88
185-->[androidx.work:work-runtime:2.7.1] AndroidManifest.xml:140:25-85
186            </intent-filter>
187        </receiver>
188
189        <meta-data
189-->[com.facebook.soloader:soloader:0.10.5] AndroidManifest.xml:12:9-14:37
190            android:name="com.facebook.soloader.enabled"
190-->[com.facebook.soloader:soloader:0.10.5] AndroidManifest.xml:13:13-57
191            android:value="false" />
191-->[com.facebook.soloader:soloader:0.10.5] AndroidManifest.xml:14:13-34
192
193        <service
193-->[androidx.room:room-runtime:2.2.5] AndroidManifest.xml:25:9-28:40
194            android:name="androidx.room.MultiInstanceInvalidationService"
194-->[androidx.room:room-runtime:2.2.5] AndroidManifest.xml:26:13-74
195            android:directBootAware="true"
195-->[androidx.room:room-runtime:2.2.5] AndroidManifest.xml:27:13-43
196            android:exported="false" />
196-->[androidx.room:room-runtime:2.2.5] AndroidManifest.xml:28:13-37
197    </application>
198
199</manifest>